<?xml version="1.0" encoding="UTF-8"?>
<testng-results ignored="0" total="1" passed="1" failed="0" skipped="0">
  <reporter-output>
  </reporter-output>
  <suite started-at="2023-07-15T13:23:15 IST" name="Surefire suite" finished-at="2023-07-15T13:23:28 IST" duration-ms="13413">
    <groups>
    </groups>
    <test started-at="2023-07-15T13:23:15 IST" name="Surefire test" finished-at="2023-07-15T13:23:28 IST" duration-ms="13413">
      <class name="homeModule.ToVerifyHomePageTest">
        <test-method is-config="true" signature="bsConfig()[pri:0, instance:homeModule.ToVerifyHomePageTest@bae7dc0]" started-at="2023-07-15T13:23:15 IST" name="bsConfig" finished-at="2023-07-15T13:23:15 IST" duration-ms="21" status="PASS">
          <reporter-output>
          </reporter-output>
        </test-method> <!-- bsConfig -->
        <test-method is-config="true" signature="bcConfig()[pri:0, instance:homeModule.ToVerifyHomePageTest@bae7dc0]" started-at="2023-07-15T13:23:15 IST" name="bcConfig" finished-at="2023-07-15T13:23:23 IST" duration-ms="8075" status="PASS">
          <reporter-output>
          </reporter-output>
        </test-method> <!-- bcConfig -->
        <test-method is-config="true" signature="bmConfig()[pri:0, instance:homeModule.ToVerifyHomePageTest@bae7dc0]" started-at="2023-07-15T13:23:23 IST" name="bmConfig" finished-at="2023-07-15T13:23:23 IST" duration-ms="287" status="PASS">
          <reporter-output>
          </reporter-output>
        </test-method> <!-- bmConfig -->
        <test-method signature="toVerifyHomePageTest()[pri:0, instance:homeModule.ToVerifyHomePageTest@bae7dc0]" started-at="2023-07-15T13:23:23 IST" name="toVerifyHomePageTest" finished-at="2023-07-15T13:23:27 IST" duration-ms="3562" status="PASS">
          <reporter-output>
          </reporter-output>
        </test-method> <!-- toVerifyHomePageTest -->
        <test-method is-config="true" signature="amConfig()[pri:0, instance:homeModule.ToVerifyHomePageTest@bae7dc0]" started-at="2023-07-15T13:23:27 IST" name="amConfig" finished-at="2023-07-15T13:23:28 IST" duration-ms="1150" status="PASS">
          <reporter-output>
          </reporter-output>
        </test-method> <!-- amConfig -->
        <test-method is-config="true" signature="acConfig()[pri:0, instance:homeModule.ToVerifyHomePageTest@bae7dc0]" started-at="2023-07-15T13:23:28 IST" name="acConfig" finished-at="2023-07-15T13:23:28 IST" duration-ms="291" status="PASS">
          <reporter-output>
          </reporter-output>
        </test-method> <!-- acConfig -->
        <test-method is-config="true" signature="asConfig()[pri:0, instance:homeModule.ToVerifyHomePageTest@bae7dc0]" started-at="2023-07-15T13:23:28 IST" name="asConfig" finished-at="2023-07-15T13:23:28 IST" duration-ms="1" status="PASS">
          <reporter-output>
          </reporter-output>
        </test-method> <!-- asConfig -->
      </class> <!-- homeModule.ToVerifyHomePageTest -->
    </test> <!-- Surefire test -->
  </suite> <!-- Surefire suite -->
</testng-results>
