<?xml version="1.0" encoding="UTF-8"?>
<testng-results ignored="0" total="1" passed="1" failed="0" skipped="0">
  <reporter-output>
  </reporter-output>
  <suite started-at="2023-07-15T12:25:31 IST" name="Default suite" finished-at="2023-07-15T12:25:44 IST" duration-ms="12418">
    <groups>
    </groups>
    <test started-at="2023-07-15T12:25:31 IST" name="Default test" finished-at="2023-07-15T12:25:44 IST" duration-ms="12418">
      <class name="basicScript.ToVerifyHomePage">
        <test-method is-config="true" signature="bsConfig()[pri:0, instance:basicScript.ToVerifyHomePage@52b1beb6]" started-at="2023-07-15T12:25:31 IST" name="bsConfig" finished-at="2023-07-15T12:25:31 IST" duration-ms="6" status="PASS">
          <reporter-output>
          </reporter-output>
        </test-method> <!-- bsConfig -->
        <test-method is-config="true" signature="bcConfig()[pri:0, instance:basicScript.ToVerifyHomePage@52b1beb6]" started-at="2023-07-15T12:25:31 IST" name="bcConfig" finished-at="2023-07-15T12:25:39 IST" duration-ms="7719" status="PASS">
          <reporter-output>
          </reporter-output>
        </test-method> <!-- bcConfig -->
        <test-method is-config="true" signature="bmConfig()[pri:0, instance:basicScript.ToVerifyHomePage@52b1beb6]" started-at="2023-07-15T12:25:39 IST" name="bmConfig" finished-at="2023-07-15T12:25:39 IST" duration-ms="331" status="PASS">
          <reporter-output>
          </reporter-output>
        </test-method> <!-- bmConfig -->
        <test-method signature="toVerifyHomePage()[pri:0, instance:basicScript.ToVerifyHomePage@52b1beb6]" started-at="2023-07-15T12:25:39 IST" name="toVerifyHomePage" finished-at="2023-07-15T12:25:42 IST" duration-ms="2830" status="PASS">
          <reporter-output>
          </reporter-output>
        </test-method> <!-- toVerifyHomePage -->
        <test-method is-config="true" signature="amConfig()[pri:0, instance:basicScript.ToVerifyHomePage@52b1beb6]" started-at="2023-07-15T12:25:42 IST" name="amConfig" finished-at="2023-07-15T12:25:44 IST" duration-ms="1193" status="PASS">
          <reporter-output>
          </reporter-output>
        </test-method> <!-- amConfig -->
        <test-method is-config="true" signature="acConfig()[pri:0, instance:basicScript.ToVerifyHomePage@52b1beb6]" started-at="2023-07-15T12:25:44 IST" name="acConfig" finished-at="2023-07-15T12:25:44 IST" duration-ms="313" status="PASS">
          <reporter-output>
          </reporter-output>
        </test-method> <!-- acConfig -->
        <test-method is-config="true" signature="asConfig()[pri:0, instance:basicScript.ToVerifyHomePage@52b1beb6]" started-at="2023-07-15T12:25:44 IST" name="asConfig" finished-at="2023-07-15T12:25:44 IST" duration-ms="0" status="PASS">
          <reporter-output>
          </reporter-output>
        </test-method> <!-- asConfig -->
      </class> <!-- basicScript.ToVerifyHomePage -->
    </test> <!-- Default test -->
  </suite> <!-- Default suite -->
</testng-results>
